<?xml version='1.1' encoding='UTF-8'?>
<result plugin="junit@1.53">
  <suites>
    <suite>
      <file>/var/lib/jenkins/workspace/Project03_CICD_Pipeline/target/surefire-reports/TEST-io.learnk8s.knote.KnoteJavaApplicationTests.xml</file>
      <name>io.learnk8s.knote.KnoteJavaApplicationTests</name>
      <duration>9.07</duration>
      <time>9.07</time>
      <nodeId>41</nodeId>
      <enclosingBlocks>
        <string>27</string>
      </enclosingBlocks>
      <enclosingBlockNames>
        <string>clean &amp; verify</string>
      </enclosingBlockNames>
      <cases>
        <case>
          <duration>0.235</duration>
          <className>io.learnk8s.knote.KnoteJavaApplicationTests</className>
          <testName>contextLoads</testName>
          <skipped>false</skipped>
          <failedSince>0</failedSince>
        </case>
      </cases>
    </suite>
    <suite>
      <file>/var/lib/jenkins/workspace/Project03_CICD_Pipeline/target/checkout/target/surefire-reports/TEST-io.learnk8s.knote.KnoteJavaApplicationTests.xml</file>
      <name>io.learnk8s.knote.KnoteJavaApplicationTests</name>
      <duration>9.672</duration>
      <time>9.672</time>
      <nodeId>70</nodeId>
      <enclosingBlocks>
        <string>56</string>
      </enclosingBlocks>
      <enclosingBlockNames>
        <string>release</string>
      </enclosingBlockNames>
      <cases>
        <case>
          <duration>0.229</duration>
          <className>io.learnk8s.knote.KnoteJavaApplicationTests</className>
          <testName>contextLoads</testName>
          <skipped>false</skipped>
          <failedSince>0</failedSince>
        </case>
      </cases>
    </suite>
  </suites>
  <duration>18.742</duration>
  <keepLongStdio>false</keepLongStdio>
</result>