<?xml version='1.1' encoding='UTF-8'?>
<result plugin="junit@1.53">
  <suites>
    <suite>
      <file>/var/lib/jenkins/workspace/Project03_CICD_Pipeline/target/surefire-reports/TEST-io.learnk8s.knote.KnoteJavaApplicationTests.xml</file>
      <name>io.learnk8s.knote.KnoteJavaApplicationTests</name>
      <duration>9.164</duration>
      <time>9.164</time>
      <nodeId>41</nodeId>
      <enclosingBlocks>
        <string>27</string>
      </enclosingBlocks>
      <enclosingBlockNames>
        <string>clean &amp; verify</string>
      </enclosingBlockNames>
      <cases>
        <case>
          <duration>0.309</duration>
          <className>io.learnk8s.knote.KnoteJavaApplicationTests</className>
          <testName>contextLoads</testName>
          <skipped>false</skipped>
          <failedSince>0</failedSince>
        </case>
      </cases>
    </suite>
    <suite>
      <file>/var/lib/jenkins/workspace/Project03_CICD_Pipeline/target/surefire-reports/TEST-io.learnk8s.knote.KnoteJavaApplicationTests.xml</file>
      <name>io.learnk8s.knote.KnoteJavaApplicationTests</name>
      <duration>9.692</duration>
      <time>9.692</time>
      <nodeId>66</nodeId>
      <enclosingBlocks>
        <string>52</string>
      </enclosingBlocks>
      <enclosingBlockNames>
        <string>deploy</string>
      </enclosingBlockNames>
      <cases>
        <case>
          <duration>0.246</duration>
          <className>io.learnk8s.knote.KnoteJavaApplicationTests</className>
          <testName>contextLoads</testName>
          <skipped>false</skipped>
          <failedSince>0</failedSince>
        </case>
      </cases>
    </suite>
  </suites>
  <duration>18.855999</duration>
  <keepLongStdio>false</keepLongStdio>
</result>